c:\users\miik\source\repos\poligon doswiadczalny\poligon doswiadczalny\debug\vc141.pdb
c:\users\miik\source\repos\poligon doswiadczalny\poligon doswiadczalny\debug\vc141.idb
c:\users\miik\source\repos\poligon doswiadczalny\poligon doswiadczalny\debug\poligon doswiadczalny.obj
c:\users\miik\source\repos\poligon doswiadczalny\poligon doswiadczalny\debug\cnr_pesel.obj
c:\users\miik\source\repos\poligon doswiadczalny\poligon doswiadczalny\debug\cprzestepca.obj
c:\users\miik\source\repos\poligon doswiadczalny\poligon doswiadczalny\debug\cstring.obj
c:\users\miik\source\repos\poligon doswiadczalny\poligon doswiadczalny\debug\crysopis.obj
c:\users\miik\source\repos\poligon doswiadczalny\poligon doswiadczalny\debug\cprzestepstwa.obj
c:\users\miik\source\repos\poligon doswiadczalny\poligon doswiadczalny\debug\cprzestepca_lista_dw_opcja1.obj
c:\users\miik\source\repos\poligon doswiadczalny\poligon doswiadczalny\debug\cprzestepca_lista_dw_opcja2.obj
c:\users\miik\source\repos\poligon doswiadczalny\poligon doswiadczalny\debug\poligon doswiadczalny.pch
c:\users\miik\source\repos\poligon doswiadczalny\poligon doswiadczalny\debug\pch.obj
c:\users\miik\source\repos\poligon doswiadczalny\debug\poligon doswiadczalny.exe
c:\users\miik\source\repos\poligon doswiadczalny\debug\poligon doswiadczalny.ilk
c:\users\miik\source\repos\poligon doswiadczalny\debug\poligon doswiadczalny.pdb
c:\users\miik\source\repos\poligon doswiadczalny\poligon doswiadczalny\debug\poligon doswiadczalny.obj.enc
c:\users\miik\source\repos\poligon doswiadczalny\poligon doswiadczalny\debug\poligon .1ed1837d.tlog\cl.command.1.tlog
c:\users\miik\source\repos\poligon doswiadczalny\poligon doswiadczalny\debug\poligon .1ed1837d.tlog\cl.read.1.tlog
c:\users\miik\source\repos\poligon doswiadczalny\poligon doswiadczalny\debug\poligon .1ed1837d.tlog\cl.write.1.tlog
c:\users\miik\source\repos\poligon doswiadczalny\poligon doswiadczalny\debug\poligon .1ed1837d.tlog\link.command.1.tlog
c:\users\miik\source\repos\poligon doswiadczalny\poligon doswiadczalny\debug\poligon .1ed1837d.tlog\link.read.1.tlog
c:\users\miik\source\repos\poligon doswiadczalny\poligon doswiadczalny\debug\poligon .1ed1837d.tlog\link.write.1.tlog
